<?xml version="1.0" encoding="UTF-8"?>
<!-- Generated by org.testng.reporters.JUnitReportReporter -->
<testsuite name="it.akademija.admin.CandidatesTest" tests="1" time="7.829" ignored="0" failures="0" timestamp="09 Kov 2017 07:55:02 GMT" skipped="0" hostname="DESKTOP-O933604" errors="0">
  <testcase name="editNameAndSurnameTest" time="7.829" classname="it.akademija.admin.CandidatesTest"/>
</testsuite> <!-- it.akademija.admin.CandidatesTest -->
