<?xml version="1.0" encoding="UTF-8"?>
<!-- Generated by org.testng.reporters.JUnitReportReporter -->
<testsuite name="it.akademija.admin.CountyTest" tests="6" time="12.333" ignored="0" failures="0" timestamp="16 Kov 2017 09:49:49 GMT" skipped="0" hostname="DESKTOP-O933604" errors="0">
  <testcase name="registerCountyTest" time="1.216" classname="it.akademija.admin.CountyTest"/>
  <testcase name="registerMultipleCountiesTest" time="3.261" classname="it.akademija.admin.CountyTest"/>
  <testcase name="addCandidatesListTest" time="2.305" classname="it.akademija.admin.CountyTest"/>
  <testcase name="deleteCountyTest" time="2.734" classname="it.akademija.admin.CountyTest"/>
  <testcase name="editCountyTest" time="2.079" classname="it.akademija.admin.CountyTest"/>
  <testcase name="registerCountyTest" time="0.738" classname="it.akademija.admin.CountyTest"/>
</testsuite> <!-- it.akademija.admin.CountyTest -->
