<?xml version="1.0" encoding="UTF-8"?>
<!-- Generated by org.testng.reporters.JUnitReportReporter -->
<testsuite name="it.akademija.admin.CountyTest" tests="6" time="18.641" ignored="0" failures="0" timestamp="01 Kov 2017 12:22:43 GMT" skipped="0" hostname="DESKTOP-O933604" errors="0">
  <testcase name="registerCountyTest" time="0.637" classname="it.akademija.admin.CountyTest"/>
  <testcase name="registerMultipleCountiesTest" time="5.570" classname="it.akademija.admin.CountyTest"/>
  <testcase name="deleteCountyTest" time="4.338" classname="it.akademija.admin.CountyTest"/>
  <testcase name="registerCountyTest" time="4.270" classname="it.akademija.admin.CountyTest"/>
  <testcase name="editCountyTest" time="1.521" classname="it.akademija.admin.CountyTest"/>
  <testcase name="addCandidatesListTest" time="2.305" classname="it.akademija.admin.CountyTest"/>
</testsuite> <!-- it.akademija.admin.CountyTest -->
