<?xml version="1.0" encoding="UTF-8"?>
<!-- Generated by org.testng.reporters.JUnitReportReporter -->
<testsuite name="it.akademija.voting.DeletionOfAllData" tests="1" time="26.035" ignored="0" failures="0" timestamp="15 Kov 2017 12:01:25 GMT" skipped="0" hostname="DESKTOP-O933604" errors="0">
  <testcase name="deleteAllData" time="26.035" classname="it.akademija.voting.DeletionOfAllData"/>
</testsuite> <!-- it.akademija.voting.DeletionOfAllData -->
