<?xml version="1.0" encoding="UTF-8"?>
<!-- Generated by org.testng.reporters.JUnitReportReporter -->
<testsuite name="it.akademija.admin.RepresentativeTest" tests="2" time="17.328" ignored="1" failures="0" timestamp="01 Kov 2017 12:18:47 GMT" skipped="0" hostname="DESKTOP-O933604" errors="0">
  <testcase name="registerSingleRepresentativeTest" time="2.922" classname="it.akademija.admin.RepresentativeTest"/>
  <testcase name="registerMultipleRepresentativesTest" time="14.406" classname="it.akademija.admin.RepresentativeTest"/>
  <testcase name="deleteDistrictTest" classname="it.akademija.admin.DistrictTest">
    <skipped/>
  </testcase> <!-- deleteDistrictTest -->
</testsuite> <!-- it.akademija.admin.RepresentativeTest -->
