<?xml version="1.0" encoding="UTF-8"?>
<!-- Generated by org.testng.reporters.JUnitReportReporter -->
<testsuite name="it.akademija.voting.DeletionOfAllData" tests="1" time="39.482" ignored="0" failures="0" timestamp="16 Kov 2017 09:49:49 GMT" skipped="0" hostname="DESKTOP-O933604" errors="0">
  <testcase name="deleteAllData" time="39.482" classname="it.akademija.voting.DeletionOfAllData"/>
</testsuite> <!-- it.akademija.voting.DeletionOfAllData -->
