<?xml version="1.0" encoding="UTF-8"?>
<!-- Generated by org.testng.reporters.JUnitReportReporter -->
<testsuite name="it.akademija.admin.TestCounty" tests="6" time="10.972" ignored="0" failures="0" timestamp="23 Vas 2017 07:12:07 GMT" skipped="0" hostname="DESKTOP-O933604" errors="0">
  <testcase name="testAddCandidatesList" time="1.713" classname="it.akademija.admin.TestCounty"/>
  <testcase name="testEditCounty" time="1.497" classname="it.akademija.admin.TestCounty"/>
  <testcase name="testRegisterMultipleCounties" time="3.694" classname="it.akademija.admin.TestCounty"/>
  <testcase name="testRegisterCounty" time="1.691" classname="it.akademija.admin.TestCounty"/>
  <testcase name="testDeleteCounty" time="1.818" classname="it.akademija.admin.TestCounty"/>
  <testcase name="testRegisterCounty" time="0.559" classname="it.akademija.admin.TestCounty"/>
</testsuite> <!-- it.akademija.admin.TestCounty -->
