<?xml version="1.0" encoding="UTF-8"?>
<!-- Generated by org.testng.reporters.JUnitReportReporter -->
<testsuite name="it.akademija.admin.TestLoginAdministrator" tests="3" time="2.727" ignored="0" failures="0" timestamp="23 Vas 2017 07:12:07 GMT" skipped="1" hostname="DESKTOP-O933604" errors="0">
  <testcase name="logoutAdministrator" time="0.001" classname="it.akademija.admin.TestLoginAdministrator">
    <skipped/>
  </testcase> <!-- logoutAdministrator -->
  <testcase name="wrongAdministratorLogin" time="2.161" classname="it.akademija.admin.TestLoginAdministrator"/>
  <testcase name="testLoginAdministrator" time="0.565" classname="it.akademija.admin.TestLoginAdministrator"/>
</testsuite> <!-- it.akademija.admin.TestLoginAdministrator -->
