<?xml version="1.0" encoding="UTF-8"?>
<!-- Generated by org.testng.reporters.JUnitReportReporter -->
<testsuite name="it.akademija.admin.DistrictTest" tests="7" time="23.922" ignored="0" failures="0" timestamp="15 Kov 2017 12:01:26 GMT" skipped="0" hostname="DESKTOP-O933604" errors="0">
  <testcase name="registerMultipleDistrictsToDifferentCountiesTest" time="5.825" classname="it.akademija.admin.DistrictTest"/>
  <testcase name="deleteDistrictTest" time="2.524" classname="it.akademija.admin.DistrictTest"/>
  <testcase name="registerExistingDistrictAndAssigntToDifferentCountyTest" time="2.092" classname="it.akademija.admin.DistrictTest"/>
  <testcase name="registerMultipleDistrictsToOneCountyTest" time="5.825" classname="it.akademija.admin.DistrictTest"/>
  <testcase name="registerDistrictTest" time="2.464" classname="it.akademija.admin.DistrictTest"/>
  <testcase name="editDistrictTest" time="3.667" classname="it.akademija.admin.DistrictTest"/>
  <testcase name="registerDistrictTest" time="1.525" classname="it.akademija.admin.DistrictTest"/>
</testsuite> <!-- it.akademija.admin.DistrictTest -->
