<?xml version="1.0" encoding="UTF-8"?>
<!-- Generated by org.testng.reporters.JUnitReportReporter -->
<testsuite name="it.akademija.admin.DistrictTest" tests="6" time="20.111" ignored="1" failures="0" timestamp="01 Kov 2017 12:18:47 GMT" skipped="0" hostname="DESKTOP-O933604" errors="0">
  <testcase name="registerDistrictTest" time="3.692" classname="it.akademija.admin.DistrictTest"/>
  <testcase name="editDistrictTest" time="2.170" classname="it.akademija.admin.DistrictTest"/>
  <testcase name="registerMultipleDistrictsToDifferentCountiesTest" time="5.474" classname="it.akademija.admin.DistrictTest"/>
  <testcase name="registerDistrictTest" time="1.841" classname="it.akademija.admin.DistrictTest"/>
  <testcase name="registerMultipleDistrictsToOneCountyTest" time="5.017" classname="it.akademija.admin.DistrictTest"/>
  <testcase name="registerExistingDistrictAndAssigntToDifferentCountyTest" time="1.917" classname="it.akademija.admin.DistrictTest"/>
  <testcase name="deleteDistrictTest" classname="it.akademija.admin.DistrictTest">
    <skipped/>
  </testcase> <!-- deleteDistrictTest -->
</testsuite> <!-- it.akademija.admin.DistrictTest -->
