<?xml version="1.0" encoding="UTF-8"?>
<!-- Generated by org.testng.reporters.JUnitReportReporter -->
<testsuite name="it.akademija.admin.CandidatesTest" tests="1" time="0.001" ignored="5" failures="0" timestamp="01 Kov 2017 07:26:07 GMT" skipped="1" hostname="DESKTOP-O933604" errors="0">
  <testcase name="editNameAndSurnameTest" time="0.001" classname="it.akademija.admin.CandidatesTest">
    <skipped/>
  </testcase> <!-- editNameAndSurnameTest -->
  <testcase name="registerPartyWithoutFileTest" classname="it.akademija.admin.PartyTest">
    <skipped/>
  </testcase> <!-- registerPartyWithoutFileTest -->
  <testcase name="registerPartyWithOtherFileTest" classname="it.akademija.admin.PartyTest">
    <skipped/>
  </testcase> <!-- registerPartyWithOtherFileTest -->
  <testcase name="deletePartyTest" classname="it.akademija.admin.PartyTest">
    <skipped/>
  </testcase> <!-- deletePartyTest -->
  <testcase name="editPartyTest" classname="it.akademija.admin.PartyTest">
    <skipped/>
  </testcase> <!-- editPartyTest -->
  <testcase name="registerPartyTest" classname="it.akademija.admin.PartyTest">
    <skipped/>
  </testcase> <!-- registerPartyTest -->
</testsuite> <!-- it.akademija.admin.CandidatesTest -->
