<?xml version="1.0" encoding="UTF-8"?>
<!-- Generated by org.testng.reporters.JUnitReportReporter -->
<testsuite name="it.akademija.admin.CandidatesTest" tests="1" time="6.812" ignored="0" failures="0" timestamp="16 Kov 2017 09:49:49 GMT" skipped="0" hostname="DESKTOP-O933604" errors="0">
  <testcase name="editNameAndSurnameTest" time="6.812" classname="it.akademija.admin.CandidatesTest"/>
</testsuite> <!-- it.akademija.admin.CandidatesTest -->
