<?xml version="1.0" encoding="UTF-8"?>
<!-- Generated by org.testng.reporters.JUnitReportReporter -->
<testsuite name="it.akademija.admin.PartyTest" tests="8" time="15.569" ignored="0" failures="0" timestamp="09 Kov 2017 07:55:02 GMT" skipped="0" hostname="DESKTOP-O933604" errors="0">
  <testcase name="deletePartyTest" time="3.125" classname="it.akademija.admin.PartyTest"/>
  <testcase name="deleteCandidatesTest" time="2.704" classname="it.akademija.admin.PartyTest"/>
  <testcase name="registerPartyWithOtherFileTest" time="1.548" classname="it.akademija.admin.PartyTest"/>
  <testcase name="registerPartyTest2" time="1.405" classname="it.akademija.admin.PartyTest"/>
  <testcase name="registerPartyTest" time="1.157" classname="it.akademija.admin.PartyTest"/>
  <testcase name="editPartyTest" time="3.679" classname="it.akademija.admin.PartyTest"/>
  <testcase name="registerPartyWithoutFileTest" time="1.064" classname="it.akademija.admin.PartyTest"/>
  <testcase name="registerPartyTest" time="0.887" classname="it.akademija.admin.PartyTest"/>
</testsuite> <!-- it.akademija.admin.PartyTest -->
