<?xml version="1.0" encoding="UTF-8"?>
<!-- Generated by org.testng.reporters.JUnitReportReporter -->
<testsuite name="it.akademija.admin.PartyTest" tests="2" time="0.004" ignored="5" failures="0" timestamp="01 Kov 2017 07:26:07 GMT" skipped="2" hostname="DESKTOP-O933604" errors="0">
  <testcase name="registerPartyTest2" time="0.003" classname="it.akademija.admin.PartyTest">
    <skipped/>
  </testcase> <!-- registerPartyTest2 -->
  <testcase name="deleteCandidatesTest" time="0.001" classname="it.akademija.admin.PartyTest">
    <skipped/>
  </testcase> <!-- deleteCandidatesTest -->
  <testcase name="registerPartyWithoutFileTest" classname="it.akademija.admin.PartyTest">
    <skipped/>
  </testcase> <!-- registerPartyWithoutFileTest -->
  <testcase name="registerPartyWithOtherFileTest" classname="it.akademija.admin.PartyTest">
    <skipped/>
  </testcase> <!-- registerPartyWithOtherFileTest -->
  <testcase name="deletePartyTest" classname="it.akademija.admin.PartyTest">
    <skipped/>
  </testcase> <!-- deletePartyTest -->
  <testcase name="editPartyTest" classname="it.akademija.admin.PartyTest">
    <skipped/>
  </testcase> <!-- editPartyTest -->
  <testcase name="registerPartyTest" classname="it.akademija.admin.PartyTest">
    <skipped/>
  </testcase> <!-- registerPartyTest -->
</testsuite> <!-- it.akademija.admin.PartyTest -->
