<?xml version="1.0" encoding="UTF-8"?>
<!-- Generated by org.testng.reporters.JUnitReportReporter -->
<testsuite name="it.akademija.admin.RepresentativeTest" tests="2" time="17.516" ignored="0" failures="0" timestamp="15 Kov 2017 12:01:26 GMT" skipped="0" hostname="DESKTOP-O933604" errors="0">
  <testcase name="registerSingleRepresentativeTest" time="3.588" classname="it.akademija.admin.RepresentativeTest"/>
  <testcase name="registerMultipleRepresentativesTest" time="13.928" classname="it.akademija.admin.RepresentativeTest"/>
</testsuite> <!-- it.akademija.admin.RepresentativeTest -->
