<?xml version="1.0" encoding="UTF-8"?>
<!-- Generated by org.testng.reporters.JUnitReportReporter -->
<testsuite name="it.akademija.admin.RepresentativeTest" tests="2" time="5.863" ignored="0" failures="0" timestamp="16 Kov 2017 09:49:49 GMT" skipped="0" hostname="DESKTOP-O933604" errors="0">
  <testcase name="registerMultipleRepresentativesTest" time="4.621" classname="it.akademija.admin.RepresentativeTest"/>
  <testcase name="registerSingleRepresentativeTest" time="1.242" classname="it.akademija.admin.RepresentativeTest"/>
</testsuite> <!-- it.akademija.admin.RepresentativeTest -->
