<?xml version="1.0" encoding="UTF-8"?>
<!-- Generated by org.testng.reporters.JUnitReportReporter -->
<testsuite name="it.akademija.admin.ResultsTest" tests="2" time="4.438" ignored="0" failures="0" timestamp="15 Kov 2017 12:01:26 GMT" skipped="0" hostname="DESKTOP-O933604" errors="0">
  <testcase name="deleteResultsInMultiMemberTest" time="1.604" classname="it.akademija.admin.ResultsTest"/>
  <testcase name="deleteResultsInSingleMemberTest" time="2.834" classname="it.akademija.admin.ResultsTest"/>
</testsuite> <!-- it.akademija.admin.ResultsTest -->
