<?xml version="1.0" encoding="UTF-8"?>
<!-- Generated by org.testng.reporters.JUnitReportReporter -->
<testsuite name="it.akademija.admin.CountyTest" tests="6" time="24.890" ignored="0" failures="0" timestamp="15 Kov 2017 12:01:26 GMT" skipped="0" hostname="DESKTOP-O933604" errors="0">
  <testcase name="registerCountyTest" time="0.735" classname="it.akademija.admin.CountyTest"/>
  <testcase name="addCandidatesListTest" time="3.948" classname="it.akademija.admin.CountyTest"/>
  <testcase name="registerCountyTest" time="2.950" classname="it.akademija.admin.CountyTest"/>
  <testcase name="deleteCountyTest" time="6.555" classname="it.akademija.admin.CountyTest"/>
  <testcase name="editCountyTest" time="3.419" classname="it.akademija.admin.CountyTest"/>
  <testcase name="registerMultipleCountiesTest" time="7.283" classname="it.akademija.admin.CountyTest"/>
</testsuite> <!-- it.akademija.admin.CountyTest -->
