<?xml version="1.0" encoding="UTF-8"?>
<!-- Generated by org.testng.reporters.JUnitReportReporter -->
<testsuite name="it.akademija.admin.TestDistrict" tests="7" time="74.155" ignored="0" failures="0" timestamp="23 Vas 2017 07:12:07 GMT" skipped="0" hostname="DESKTOP-O933604" errors="0">
  <testcase name="testRegisterDistrict" time="2.438" classname="it.akademija.admin.TestDistrict"/>
  <testcase name="testEditDistrict" time="8.059" classname="it.akademija.admin.TestDistrict"/>
  <testcase name="testRegisterMultipleDistrictsToDifferentCounties" time="19.897" classname="it.akademija.admin.TestDistrict"/>
  <testcase name="testRegisterExistingDistrictAndAssigntToDifferentCounty" time="9.990" classname="it.akademija.admin.TestDistrict"/>
  <testcase name="testDeleteDistrict" time="3.252" classname="it.akademija.admin.TestDistrict"/>
  <testcase name="testRegisterMultipleDistrictsToOneCounty" time="19.026" classname="it.akademija.admin.TestDistrict"/>
  <testcase name="testRegisterDistrict" time="11.493" classname="it.akademija.admin.TestDistrict"/>
</testsuite> <!-- it.akademija.admin.TestDistrict -->
