<?xml version="1.0" encoding="UTF-8"?>
<!-- Generated by org.testng.reporters.JUnitReportReporter -->
<testsuite name="it.akademija.smoke.SmokeTest" tests="10" time="43.307" ignored="0" failures="0" timestamp="16 Kov 2017 08:06:35 GMT" skipped="0" hostname="DESKTOP-O933604" errors="0">
  <testcase name="fillingMultiMemberResults" time="3.484" classname="it.akademija.smoke.SmokeTest"/>
  <testcase name="confirmingSingleMemberResults" time="12.085" classname="it.akademija.smoke.SmokeTest"/>
  <testcase name="registerParty" time="1.351" classname="it.akademija.smoke.SmokeTest"/>
  <testcase name="registerDistrict" time="2.749" classname="it.akademija.smoke.SmokeTest"/>
  <testcase name="fillingSingleMemberResults" time="2.826" classname="it.akademija.smoke.SmokeTest"/>
  <testcase name="confirmingMultiMemberResults" time="0.916" classname="it.akademija.smoke.SmokeTest"/>
  <testcase name="registerCounty" time="3.889" classname="it.akademija.smoke.SmokeTest"/>
  <testcase name="loginAdministrator" time="0.802" classname="it.akademija.smoke.SmokeTest"/>
  <testcase name="registerRepresentative" time="7.354" classname="it.akademija.smoke.SmokeTest"/>
  <testcase name="addCandidatesList" time="7.851" classname="it.akademija.smoke.SmokeTest"/>
</testsuite> <!-- it.akademija.smoke.SmokeTest -->
