<?xml version="1.0" encoding="UTF-8"?>
<!-- Generated by org.testng.reporters.JUnitReportReporter -->
<testsuite name="it.akademija.representative.TestMultiMember" tests="1" time="2.859" ignored="0" failures="0" timestamp="23 Vas 2017 07:13:11 GMT" skipped="0" hostname="DESKTOP-O933604" errors="0">
  <testcase name="fillingMultiMemberResults" time="2.859" classname="it.akademija.representative.TestMultiMember"/>
</testsuite> <!-- it.akademija.representative.TestMultiMember -->
