<?xml version="1.0" encoding="UTF-8"?>
<!-- Generated by org.testng.reporters.JUnitReportReporter -->
<testsuite name="it.akademija.smoke.SmokeTest" tests="10" time="47.625" ignored="0" failures="0" timestamp="15 Kov 2017 12:02:34 GMT" skipped="0" hostname="DESKTOP-O933604" errors="0">
  <testcase name="addCandidatesList" time="8.692" classname="it.akademija.smoke.SmokeTest"/>
  <testcase name="fillingSingleMemberResults" time="2.149" classname="it.akademija.smoke.SmokeTest"/>
  <testcase name="confirmingSingleMemberResults" time="14.841" classname="it.akademija.smoke.SmokeTest"/>
  <testcase name="registerParty" time="1.470" classname="it.akademija.smoke.SmokeTest"/>
  <testcase name="registerDistrict" time="2.823" classname="it.akademija.smoke.SmokeTest"/>
  <testcase name="fillingMultiMemberResults" time="3.865" classname="it.akademija.smoke.SmokeTest"/>
  <testcase name="registerCounty" time="3.990" classname="it.akademija.smoke.SmokeTest"/>
  <testcase name="confirmingMultiMemberResults" time="1.107" classname="it.akademija.smoke.SmokeTest"/>
  <testcase name="loginAdministrator" time="0.787" classname="it.akademija.smoke.SmokeTest"/>
  <testcase name="registerRepresentative" time="7.901" classname="it.akademija.smoke.SmokeTest"/>
</testsuite> <!-- it.akademija.smoke.SmokeTest -->
