<?xml version="1.0" encoding="UTF-8"?>
<!-- Generated by org.testng.reporters.JUnitReportReporter -->
<testsuite name="it.akademija.admin.CountyTest" tests="6" time="23.405" ignored="0" failures="0" timestamp="09 Kov 2017 07:55:02 GMT" skipped="0" hostname="DESKTOP-O933604" errors="0">
  <testcase name="registerMultipleCountiesTest" time="6.988" classname="it.akademija.admin.CountyTest"/>
  <testcase name="deleteCountyTest" time="6.091" classname="it.akademija.admin.CountyTest"/>
  <testcase name="addCandidatesListTest" time="3.448" classname="it.akademija.admin.CountyTest"/>
  <testcase name="registerCountyTest" time="2.944" classname="it.akademija.admin.CountyTest"/>
  <testcase name="registerCountyTest" time="0.939" classname="it.akademija.admin.CountyTest"/>
  <testcase name="editCountyTest" time="2.995" classname="it.akademija.admin.CountyTest"/>
</testsuite> <!-- it.akademija.admin.CountyTest -->
