<?xml version="1.0" encoding="UTF-8"?>
<!-- Generated by org.testng.reporters.JUnitReportReporter -->
<testsuite name="it.akademija.representative.MultiMemberTest" tests="1" time="0.002" ignored="5" failures="0" timestamp="01 Kov 2017 07:26:07 GMT" skipped="1" hostname="DESKTOP-O933604" errors="0">
  <testcase name="fillingMultiMemberResults" time="0.002" classname="it.akademija.representative.MultiMemberTest">
    <skipped/>
  </testcase> <!-- fillingMultiMemberResults -->
  <testcase name="registerPartyWithoutFileTest" classname="it.akademija.admin.PartyTest">
    <skipped/>
  </testcase> <!-- registerPartyWithoutFileTest -->
  <testcase name="registerPartyWithOtherFileTest" classname="it.akademija.admin.PartyTest">
    <skipped/>
  </testcase> <!-- registerPartyWithOtherFileTest -->
  <testcase name="deletePartyTest" classname="it.akademija.admin.PartyTest">
    <skipped/>
  </testcase> <!-- deletePartyTest -->
  <testcase name="editPartyTest" classname="it.akademija.admin.PartyTest">
    <skipped/>
  </testcase> <!-- editPartyTest -->
  <testcase name="registerPartyTest" classname="it.akademija.admin.PartyTest">
    <skipped/>
  </testcase> <!-- registerPartyTest -->
</testsuite> <!-- it.akademija.representative.MultiMemberTest -->
