<?xml version="1.0" encoding="UTF-8"?>
<!-- Generated by org.testng.reporters.JUnitReportReporter -->
<testsuite name="it.akademija.representative.TestSingleMember" tests="1" time="2.613" ignored="0" failures="0" timestamp="23 Vas 2017 07:13:11 GMT" skipped="0" hostname="DESKTOP-O933604" errors="0">
  <testcase name="fillingSingleMemberResults" time="2.613" classname="it.akademija.representative.TestSingleMember"/>
</testsuite> <!-- it.akademija.representative.TestSingleMember -->
