<?xml version="1.0" encoding="UTF-8"?>
<!-- Generated by org.testng.reporters.JUnitReportReporter -->
<testsuite name="it.akademija.admin.TestRepresentative" tests="2" time="13.682" ignored="0" failures="0" timestamp="23 Vas 2017 07:12:07 GMT" skipped="0" hostname="DESKTOP-O933604" errors="0">
  <testcase name="testRegisterSingleRepresentative" time="2.583" classname="it.akademija.admin.TestRepresentative"/>
  <testcase name="testRegisterMultipleRepresentatives" time="11.099" classname="it.akademija.admin.TestRepresentative"/>
</testsuite> <!-- it.akademija.admin.TestRepresentative -->
