<?xml version="1.0" encoding="UTF-8"?>
<!-- Generated by org.testng.reporters.JUnitReportReporter -->
<testsuite name="it.akademija.admin.DistrictTest" tests="7" time="25.034" ignored="0" failures="0" timestamp="09 Kov 2017 07:55:02 GMT" skipped="0" hostname="DESKTOP-O933604" errors="0">
  <testcase name="registerDistrictTest" time="1.375" classname="it.akademija.admin.DistrictTest"/>
  <testcase name="registerMultipleDistrictsToDifferentCountiesTest" time="6.488" classname="it.akademija.admin.DistrictTest"/>
  <testcase name="deleteDistrictTest" time="2.610" classname="it.akademija.admin.DistrictTest"/>
  <testcase name="registerMultipleDistrictsToOneCountyTest" time="5.811" classname="it.akademija.admin.DistrictTest"/>
  <testcase name="registerDistrictTest" time="2.719" classname="it.akademija.admin.DistrictTest"/>
  <testcase name="editDistrictTest" time="3.795" classname="it.akademija.admin.DistrictTest"/>
  <testcase name="registerExistingDistrictAndAssigntToDifferentCountyTest" time="2.236" classname="it.akademija.admin.DistrictTest"/>
</testsuite> <!-- it.akademija.admin.DistrictTest -->
