<?xml version="1.0" encoding="UTF-8"?>
<!-- Generated by org.testng.reporters.JUnitReportReporter -->
<testsuite name="it.akademija.admin.CountyTest" tests="6" time="18.624" ignored="5" failures="0" timestamp="01 Kov 2017 07:26:07 GMT" skipped="0" hostname="DESKTOP-O933604" errors="0">
  <testcase name="editCountyTest" time="1.906" classname="it.akademija.admin.CountyTest"/>
  <testcase name="registerCountyTest" time="3.055" classname="it.akademija.admin.CountyTest"/>
  <testcase name="registerCountyTest" time="0.830" classname="it.akademija.admin.CountyTest"/>
  <testcase name="deleteCountyTest" time="4.356" classname="it.akademija.admin.CountyTest"/>
  <testcase name="addCandidatesListTest" time="2.471" classname="it.akademija.admin.CountyTest"/>
  <testcase name="registerMultipleCountiesTest" time="6.006" classname="it.akademija.admin.CountyTest"/>
  <testcase name="registerPartyWithoutFileTest" classname="it.akademija.admin.PartyTest">
    <skipped/>
  </testcase> <!-- registerPartyWithoutFileTest -->
  <testcase name="registerPartyWithOtherFileTest" classname="it.akademija.admin.PartyTest">
    <skipped/>
  </testcase> <!-- registerPartyWithOtherFileTest -->
  <testcase name="deletePartyTest" classname="it.akademija.admin.PartyTest">
    <skipped/>
  </testcase> <!-- deletePartyTest -->
  <testcase name="editPartyTest" classname="it.akademija.admin.PartyTest">
    <skipped/>
  </testcase> <!-- editPartyTest -->
  <testcase name="registerPartyTest" classname="it.akademija.admin.PartyTest">
    <skipped/>
  </testcase> <!-- registerPartyTest -->
</testsuite> <!-- it.akademija.admin.CountyTest -->
