<?xml version="1.0" encoding="UTF-8"?>
<!-- Generated by org.testng.reporters.JUnitReportReporter -->
<testsuite name="it.akademija.admin.DistrictTest" tests="7" time="16.894" ignored="0" failures="0" timestamp="16 Kov 2017 09:49:49 GMT" skipped="0" hostname="DESKTOP-O933604" errors="0">
  <testcase name="registerDistrictTest" time="2.004" classname="it.akademija.admin.DistrictTest"/>
  <testcase name="registerDistrictTest" time="1.009" classname="it.akademija.admin.DistrictTest"/>
  <testcase name="registerExistingDistrictAndAssigntToDifferentCountyTest" time="1.382" classname="it.akademija.admin.DistrictTest"/>
  <testcase name="editDistrictTest" time="2.804" classname="it.akademija.admin.DistrictTest"/>
  <testcase name="deleteDistrictTest" time="2.407" classname="it.akademija.admin.DistrictTest"/>
  <testcase name="registerMultipleDistrictsToDifferentCountiesTest" time="3.790" classname="it.akademija.admin.DistrictTest"/>
  <testcase name="registerMultipleDistrictsToOneCountyTest" time="3.498" classname="it.akademija.admin.DistrictTest"/>
</testsuite> <!-- it.akademija.admin.DistrictTest -->
