<?xml version="1.0" encoding="UTF-8"?>
<!-- Generated by org.testng.reporters.JUnitReportReporter -->
<testsuite name="it.akademija.representative.SingleMemberTest" tests="1" time="1.524" ignored="0" failures="0" timestamp="15 Kov 2017 12:01:26 GMT" skipped="0" hostname="DESKTOP-O933604" errors="0">
  <testcase name="fillingSingleMemberResults" time="1.524" classname="it.akademija.representative.SingleMemberTest"/>
</testsuite> <!-- it.akademija.representative.SingleMemberTest -->
