<?xml version="1.0" encoding="UTF-8"?>
<!-- Generated by org.testng.reporters.JUnitReportReporter -->
<testsuite name="it.akademija.voting.DeletionOfAllData" tests="1" time="33.199" ignored="0" failures="0" timestamp="09 Kov 2017 07:55:02 GMT" skipped="0" hostname="DESKTOP-O933604" errors="0">
  <testcase name="deleteAllData" time="33.199" classname="it.akademija.voting.DeletionOfAllData"/>
</testsuite> <!-- it.akademija.voting.DeletionOfAllData -->
