<?xml version="1.0" encoding="UTF-8"?>
<!-- Generated by org.testng.reporters.JUnitReportReporter -->
<testsuite name="it.akademija.admin.LoginAdministratorTest" tests="2" time="9.596" ignored="1" failures="0" timestamp="01 Kov 2017 11:33:10 GMT" skipped="0" hostname="DESKTOP-O933604" errors="0">
  <testcase name="wrongAdministratorLogin" time="8.989" classname="it.akademija.admin.LoginAdministratorTest"/>
  <testcase name="loginAdministratorTest" time="0.607" classname="it.akademija.admin.LoginAdministratorTest"/>
  <testcase name="logoutAdministrator" classname="it.akademija.admin.LoginAdministratorTest">
    <skipped/>
  </testcase> <!-- logoutAdministrator -->
</testsuite> <!-- it.akademija.admin.LoginAdministratorTest -->
