<?xml version="1.0" encoding="UTF-8"?>
<!-- Generated by org.testng.reporters.JUnitReportReporter -->
<testsuite name="it.akademija.admin.PartyTest" tests="8" time="14.104" ignored="0" failures="0" timestamp="15 Kov 2017 12:01:25 GMT" skipped="0" hostname="DESKTOP-O933604" errors="0">
  <testcase name="registerPartyWithoutFileTest" time="0.996" classname="it.akademija.admin.PartyTest"/>
  <testcase name="editPartyTest" time="3.106" classname="it.akademija.admin.PartyTest"/>
  <testcase name="deletePartyTest" time="2.908" classname="it.akademija.admin.PartyTest"/>
  <testcase name="registerPartyTest" time="0.778" classname="it.akademija.admin.PartyTest"/>
  <testcase name="registerPartyWithOtherFileTest" time="1.368" classname="it.akademija.admin.PartyTest"/>
  <testcase name="deleteCandidatesTest" time="2.718" classname="it.akademija.admin.PartyTest"/>
  <testcase name="registerPartyTest" time="1.188" classname="it.akademija.admin.PartyTest"/>
  <testcase name="registerPartyTest2" time="1.042" classname="it.akademija.admin.PartyTest"/>
</testsuite> <!-- it.akademija.admin.PartyTest -->
