<?xml version="1.0" encoding="UTF-8"?>
<!-- Generated by org.testng.reporters.JUnitReportReporter -->
<testsuite name="it.akademija.representative.MultiMemberTest" tests="1" time="3.486" ignored="0" failures="0" timestamp="15 Kov 2017 12:01:26 GMT" skipped="0" hostname="DESKTOP-O933604" errors="0">
  <testcase name="fillingMultiMemberResults" time="3.486" classname="it.akademija.representative.MultiMemberTest"/>
</testsuite> <!-- it.akademija.representative.MultiMemberTest -->
