<?xml version="1.0" encoding="UTF-8"?>
<!-- Generated by org.testng.reporters.JUnitReportReporter -->
<testsuite name="it.akademija.admin.ResultsTest" tests="2" time="43.163" ignored="0" failures="0" timestamp="16 Kov 2017 09:49:49 GMT" skipped="0" hostname="DESKTOP-O933604" errors="0">
  <testcase name="deleteResultsInSingleMemberTest" time="29.197" classname="it.akademija.admin.ResultsTest"/>
  <testcase name="deleteResultsInMultiMemberTest" time="13.966" classname="it.akademija.admin.ResultsTest"/>
</testsuite> <!-- it.akademija.admin.ResultsTest -->
