<?xml version="1.0" encoding="UTF-8"?>
<!-- Generated by org.testng.reporters.JUnitReportReporter -->
<testsuite name="it.akademija.admin.PartyTest" tests="8" time="13.825" ignored="0" failures="0" timestamp="16 Kov 2017 09:49:49 GMT" skipped="0" hostname="DESKTOP-O933604" errors="0">
  <testcase name="registerPartyWithOtherFileTest" time="1.268" classname="it.akademija.admin.PartyTest"/>
  <testcase name="registerPartyTest" time="1.105" classname="it.akademija.admin.PartyTest"/>
  <testcase name="deletePartyTest" time="2.735" classname="it.akademija.admin.PartyTest"/>
  <testcase name="registerPartyWithoutFileTest" time="1.040" classname="it.akademija.admin.PartyTest"/>
  <testcase name="registerPartyTest" time="0.834" classname="it.akademija.admin.PartyTest"/>
  <testcase name="editPartyTest" time="3.072" classname="it.akademija.admin.PartyTest"/>
  <testcase name="deleteCandidatesTest" time="2.623" classname="it.akademija.admin.PartyTest"/>
  <testcase name="registerPartyTest2" time="1.148" classname="it.akademija.admin.PartyTest"/>
</testsuite> <!-- it.akademija.admin.PartyTest -->
